# JRE version: Java(TM) SE Runtime Environment (8.0_181-b13) (build 1.8.0_181-b13)
# Java VM: Java HotSpot(TM) 64-Bit Server VM (25.181-b13 mixed mode bsd-amd64 compressed oops)
Heap:
 PSYoungGen      total 185344K, used 160526K [0x0000000715580000, 0x0000000727a00000, 0x00000007c0000000)
  eden space 170496K, 85% used [0x0000000715580000,0x000000071e407fe8,0x000000071fc00000)
  from space 14848K, 98% used [0x0000000726b80000,0x00000007279bba30,0x0000000727a00000)
  to   space 21504K, 0% used [0x0000000725000000,0x0000000725000000,0x0000000726500000)
 ParOldGen       total 235008K, used 13340K [0x00000005c0000000, 0x00000005ce580000, 0x0000000715580000)
  object space 235008K, 5% used [0x00000005c0000000,0x00000005c0d070f0,0x00000005ce580000)
 Metaspace       used 33599K, capacity 35138K, committed 35456K, reserved 1079296K
  class space    used 4373K, capacity 4666K, committed 4736K, reserved 1048576K
GC Heap History (6 events):
Event: 0.678 GC heap before
{Heap before GC invocations=1 (full 0):
 PSYoungGen      total 153088K, used 131584K [0x0000000715580000, 0x0000000720000000, 0x00000007c0000000)
  eden space 131584K, 100% used [0x0000000715580000,0x000000071d600000,0x000000071d600000)
  from space 21504K, 0% used [0x000000071eb00000,0x000000071eb00000,0x0000000720000000)
  to   space 21504K, 0% used [0x000000071d600000,0x000000071d600000,0x000000071eb00000)
 ParOldGen       total 349696K, used 0K [0x00000005c0000000, 0x00000005d5580000, 0x0000000715580000)
  object space 349696K, 0% used [0x00000005c0000000,0x00000005c0000000,0x00000005d5580000)
 Metaspace       used 20573K, capacity 21188K, committed 21296K, reserved 1067008K
  class space    used 2718K, capacity 2896K, committed 2944K, reserved 1048576K
Event: 0.688 GC heap after
Heap after GC invocations=1 (full 0):
 PSYoungGen      total 153088K, used 13952K [0x0000000715580000, 0x0000000728080000, 0x00000007c0000000)
  eden space 131584K, 0% used [0x0000000715580000,0x0000000715580000,0x000000071d600000)
  from space 21504K, 64% used [0x000000071d600000,0x000000071e3a0070,0x000000071eb00000)
  to   space 21504K, 0% used [0x0000000726b80000,0x0000000726b80000,0x0000000728080000)
 ParOldGen       total 349696K, used 24K [0x00000005c0000000, 0x00000005d5580000, 0x0000000715580000)
  object space 349696K, 0% used [0x00000005c0000000,0x00000005c0006000,0x00000005d5580000)
 Metaspace       used 20573K, capacity 21188K, committed 21296K, reserved 1067008K
  class space    used 2718K, capacity 2896K, committed 2944K, reserved 1048576K
}
Event: 0.688 GC heap before
{Heap before GC invocations=2 (full 1):
 PSYoungGen      total 153088K, used 13952K [0x0000000715580000, 0x0000000728080000, 0x00000007c0000000)
  eden space 131584K, 0% used [0x0000000715580000,0x0000000715580000,0x000000071d600000)
  from space 21504K, 64% used [0x000000071d600000,0x000000071e3a0070,0x000000071eb00000)
  to   space 21504K, 0% used [0x0000000726b80000,0x0000000726b80000,0x0000000728080000)
 ParOldGen       total 349696K, used 24K [0x00000005c0000000, 0x00000005d5580000, 0x0000000715580000)
  object space 349696K, 0% used [0x00000005c0000000,0x00000005c0006000,0x00000005d5580000)
 Metaspace       used 20573K, capacity 21188K, committed 21296K, reserved 1067008K
  class space    used 2718K, capacity 2896K, committed 2944K, reserved 1048576K
Event: 0.708 GC heap after
Heap after GC invocations=2 (full 1):
 PSYoungGen      total 153088K, used 0K [0x0000000715580000, 0x0000000728080000, 0x00000007c0000000)
  eden space 131584K, 0% used [0x0000000715580000,0x0000000715580000,0x000000071d600000)
  from space 21504K, 0% used [0x000000071d600000,0x000000071d600000,0x000000071eb00000)
  to   space 21504K, 0% used [0x0000000726b80000,0x0000000726b80000,0x0000000728080000)
 ParOldGen       total 235008K, used 13268K [0x00000005c0000000, 0x00000005ce580000, 0x0000000715580000)
  object space 235008K, 5% used [0x00000005c0000000,0x00000005c0cf50e0,0x00000005ce580000)
 Metaspace       used 20573K, capacity 21188K, committed 21296K, reserved 1067008K
  class space    used 2718K, capacity 2896K, committed 2944K, reserved 1048576K
}
Event: 1.377 GC heap before
{Heap before GC invocations=3 (full 1):
 PSYoungGen      total 153088K, used 131584K [0x0000000715580000, 0x0000000728080000, 0x00000007c0000000)
  eden space 131584K, 100% used [0x0000000715580000,0x000000071d600000,0x000000071d600000)
  from space 21504K, 0% used [0x000000071d600000,0x000000071d600000,0x000000071eb00000)
  to   space 21504K, 0% used [0x0000000726b80000,0x0000000726b80000,0x0000000728080000)
 ParOldGen       total 235008K, used 13268K [0x00000005c0000000, 0x00000005ce580000, 0x0000000715580000)
  object space 235008K, 5% used [0x00000005c0000000,0x00000005c0cf50e0,0x00000005ce580000)
 Metaspace       used 27462K, capacity 28634K, committed 28800K, reserved 1075200K
  class space    used 3670K, capacity 3925K, committed 3968K, reserved 1048576K
Event: 1.385 GC heap after
Heap after GC invocations=3 (full 1):
 PSYoungGen      total 185344K, used 14574K [0x0000000715580000, 0x0000000727a00000, 0x00000007c0000000)
  eden space 170496K, 0% used [0x0000000715580000,0x0000000715580000,0x000000071fc00000)
  from space 14848K, 98% used [0x0000000726b80000,0x00000007279bba30,0x0000000727a00000)
  to   space 21504K, 0% used [0x0000000725000000,0x0000000725000000,0x0000000726500000)
 ParOldGen       total 235008K, used 13340K [0x00000005c0000000, 0x00000005ce580000, 0x0000000715580000)
  object space 235008K, 5% used [0x00000005c0000000,0x00000005c0d070f0,0x00000005ce580000)
 Metaspace       used 27462K, capacity 28634K, committed 28800K, reserved 1075200K
  class space    used 3670K, capacity 3925K, committed 3968K, reserved 1048576K
}

