# JRE version: Java(TM) SE Runtime Environment (8.0_181-b13) (build 1.8.0_181-b13)
# Java VM: Java HotSpot(TM) 64-Bit Server VM (25.181-b13 mixed mode bsd-amd64 compressed oops)
Heap:
 PSYoungGen      total 185856K, used 159967K [0x0000000715580000, 0x0000000727a00000, 0x00000007c0000000)
  eden space 171008K, 85% used [0x0000000715580000,0x000000071e37b858,0x000000071fc80000)
  from space 14848K, 98% used [0x0000000726b80000,0x00000007279bc6a0,0x0000000727a00000)
  to   space 21504K, 0% used [0x0000000725000000,0x0000000725000000,0x0000000726500000)
 ParOldGen       total 236032K, used 13431K [0x00000005c0000000, 0x00000005ce680000, 0x0000000715580000)
  object space 236032K, 5% used [0x00000005c0000000,0x00000005c0d1dfb0,0x00000005ce680000)
 Metaspace       used 33635K, capacity 35126K, committed 35200K, reserved 1079296K
  class space    used 4371K, capacity 4666K, committed 4736K, reserved 1048576K
GC Heap History (6 events):
Event: 0.719 GC heap before
{Heap before GC invocations=1 (full 0):
 PSYoungGen      total 153088K, used 131584K [0x0000000715580000, 0x0000000720000000, 0x00000007c0000000)
  eden space 131584K, 100% used [0x0000000715580000,0x000000071d600000,0x000000071d600000)
  from space 21504K, 0% used [0x000000071eb00000,0x000000071eb00000,0x0000000720000000)
  to   space 21504K, 0% used [0x000000071d600000,0x000000071d600000,0x000000071eb00000)
 ParOldGen       total 349696K, used 0K [0x00000005c0000000, 0x00000005d5580000, 0x0000000715580000)
  object space 349696K, 0% used [0x00000005c0000000,0x00000005c0000000,0x00000005d5580000)
 Metaspace       used 20701K, capacity 21240K, committed 21296K, reserved 1067008K
  class space    used 2728K, capacity 2896K, committed 2944K, reserved 1048576K
Event: 0.729 GC heap after
Heap after GC invocations=1 (full 0):
 PSYoungGen      total 153088K, used 14046K [0x0000000715580000, 0x0000000728080000, 0x00000007c0000000)
  eden space 131584K, 0% used [0x0000000715580000,0x0000000715580000,0x000000071d600000)
  from space 21504K, 65% used [0x000000071d600000,0x000000071e3b7820,0x000000071eb00000)
  to   space 21504K, 0% used [0x0000000726b80000,0x0000000726b80000,0x0000000728080000)
 ParOldGen       total 349696K, used 80K [0x00000005c0000000, 0x00000005d5580000, 0x0000000715580000)
  object space 349696K, 0% used [0x00000005c0000000,0x00000005c0014010,0x00000005d5580000)
 Metaspace       used 20701K, capacity 21240K, committed 21296K, reserved 1067008K
  class space    used 2728K, capacity 2896K, committed 2944K, reserved 1048576K
}
Event: 0.729 GC heap before
{Heap before GC invocations=2 (full 1):
 PSYoungGen      total 153088K, used 14046K [0x0000000715580000, 0x0000000728080000, 0x00000007c0000000)
  eden space 131584K, 0% used [0x0000000715580000,0x0000000715580000,0x000000071d600000)
  from space 21504K, 65% used [0x000000071d600000,0x000000071e3b7820,0x000000071eb00000)
  to   space 21504K, 0% used [0x0000000726b80000,0x0000000726b80000,0x0000000728080000)
 ParOldGen       total 349696K, used 80K [0x00000005c0000000, 0x00000005d5580000, 0x0000000715580000)
  object space 349696K, 0% used [0x00000005c0000000,0x00000005c0014010,0x00000005d5580000)
 Metaspace       used 20701K, capacity 21240K, committed 21296K, reserved 1067008K
  class space    used 2728K, capacity 2896K, committed 2944K, reserved 1048576K
Event: 0.751 GC heap after
Heap after GC invocations=2 (full 1):
 PSYoungGen      total 153088K, used 0K [0x0000000715580000, 0x0000000728080000, 0x00000007c0000000)
  eden space 131584K, 0% used [0x0000000715580000,0x0000000715580000,0x000000071d600000)
  from space 21504K, 0% used [0x000000071d600000,0x000000071d600000,0x000000071eb00000)
  to   space 21504K, 0% used [0x0000000726b80000,0x0000000726b80000,0x0000000728080000)
 ParOldGen       total 236032K, used 13423K [0x00000005c0000000, 0x00000005ce680000, 0x0000000715580000)
  object space 236032K, 5% used [0x00000005c0000000,0x00000005c0d1bfb0,0x00000005ce680000)
 Metaspace       used 20701K, capacity 21240K, committed 21296K, reserved 1067008K
  class space    used 2728K, capacity 2896K, committed 2944K, reserved 1048576K
}
Event: 1.374 GC heap before
{Heap before GC invocations=3 (full 1):
 PSYoungGen      total 153088K, used 131584K [0x0000000715580000, 0x0000000728080000, 0x00000007c0000000)
  eden space 131584K, 100% used [0x0000000715580000,0x000000071d600000,0x000000071d600000)
  from space 21504K, 0% used [0x000000071d600000,0x000000071d600000,0x000000071eb00000)
  to   space 21504K, 0% used [0x0000000726b80000,0x0000000726b80000,0x0000000728080000)
 ParOldGen       total 236032K, used 13423K [0x00000005c0000000, 0x00000005ce680000, 0x0000000715580000)
  object space 236032K, 5% used [0x00000005c0000000,0x00000005c0d1bfb0,0x00000005ce680000)
 Metaspace       used 27487K, capacity 28686K, committed 28800K, reserved 1075200K
  class space    used 3669K, capacity 3925K, committed 3968K, reserved 1048576K
Event: 1.381 GC heap after
Heap after GC invocations=3 (full 1):
 PSYoungGen      total 185856K, used 14577K [0x0000000715580000, 0x0000000727a00000, 0x00000007c0000000)
  eden space 171008K, 0% used [0x0000000715580000,0x0000000715580000,0x000000071fc80000)
  from space 14848K, 98% used [0x0000000726b80000,0x00000007279bc6a0,0x0000000727a00000)
  to   space 21504K, 0% used [0x0000000725000000,0x0000000725000000,0x0000000726500000)
 ParOldGen       total 236032K, used 13431K [0x00000005c0000000, 0x00000005ce680000, 0x0000000715580000)
  object space 236032K, 5% used [0x00000005c0000000,0x00000005c0d1dfb0,0x00000005ce680000)
 Metaspace       used 27487K, capacity 28686K, committed 28800K, reserved 1075200K
  class space    used 3669K, capacity 3925K, committed 3968K, reserved 1048576K
}

