# JRE version: Java(TM) SE Runtime Environment (8.0_181-b13) (build 1.8.0_181-b13)
# Java VM: Java HotSpot(TM) 64-Bit Server VM (25.181-b13 mixed mode bsd-amd64 compressed oops)
Heap:
 PSYoungGen      total 192512K, used 163580K [0x0000000715580000, 0x0000000727a00000, 0x00000007c0000000)
  eden space 177664K, 83% used [0x0000000715580000,0x000000071e6debf8,0x0000000720300000)
  from space 14848K, 99% used [0x0000000726b80000,0x00000007279e0610,0x0000000727a00000)
  to   space 21504K, 0% used [0x0000000725000000,0x0000000725000000,0x0000000726500000)
 ParOldGen       total 223744K, used 13286K [0x00000005c0000000, 0x00000005cda80000, 0x0000000715580000)
  object space 223744K, 5% used [0x00000005c0000000,0x00000005c0cf9a00,0x00000005cda80000)
 Metaspace       used 33581K, capacity 35138K, committed 35456K, reserved 1079296K
  class space    used 4377K, capacity 4666K, committed 4736K, reserved 1048576K
GC Heap History (6 events):
Event: 0.704 GC heap before
{Heap before GC invocations=1 (full 0):
 PSYoungGen      total 153088K, used 131584K [0x0000000715580000, 0x0000000720000000, 0x00000007c0000000)
  eden space 131584K, 100% used [0x0000000715580000,0x000000071d600000,0x000000071d600000)
  from space 21504K, 0% used [0x000000071eb00000,0x000000071eb00000,0x0000000720000000)
  to   space 21504K, 0% used [0x000000071d600000,0x000000071d600000,0x000000071eb00000)
 ParOldGen       total 349696K, used 0K [0x00000005c0000000, 0x00000005d5580000, 0x0000000715580000)
  object space 349696K, 0% used [0x00000005c0000000,0x00000005c0000000,0x00000005d5580000)
 Metaspace       used 20570K, capacity 21188K, committed 21296K, reserved 1067008K
  class space    used 2720K, capacity 2896K, committed 2944K, reserved 1048576K
Event: 0.718 GC heap after
Heap after GC invocations=1 (full 0):
 PSYoungGen      total 153088K, used 13964K [0x0000000715580000, 0x0000000728080000, 0x00000007c0000000)
  eden space 131584K, 0% used [0x0000000715580000,0x0000000715580000,0x000000071d600000)
  from space 21504K, 64% used [0x000000071d600000,0x000000071e3a31f8,0x000000071eb00000)
  to   space 21504K, 0% used [0x0000000726b80000,0x0000000726b80000,0x0000000728080000)
 ParOldGen       total 349696K, used 16K [0x00000005c0000000, 0x00000005d5580000, 0x0000000715580000)
  object space 349696K, 0% used [0x00000005c0000000,0x00000005c0004000,0x00000005d5580000)
 Metaspace       used 20570K, capacity 21188K, committed 21296K, reserved 1067008K
  class space    used 2720K, capacity 2896K, committed 2944K, reserved 1048576K
}
Event: 0.718 GC heap before
{Heap before GC invocations=2 (full 1):
 PSYoungGen      total 153088K, used 13964K [0x0000000715580000, 0x0000000728080000, 0x00000007c0000000)
  eden space 131584K, 0% used [0x0000000715580000,0x0000000715580000,0x000000071d600000)
  from space 21504K, 64% used [0x000000071d600000,0x000000071e3a31f8,0x000000071eb00000)
  to   space 21504K, 0% used [0x0000000726b80000,0x0000000726b80000,0x0000000728080000)
 ParOldGen       total 349696K, used 16K [0x00000005c0000000, 0x00000005d5580000, 0x0000000715580000)
  object space 349696K, 0% used [0x00000005c0000000,0x00000005c0004000,0x00000005d5580000)
 Metaspace       used 20570K, capacity 21188K, committed 21296K, reserved 1067008K
  class space    used 2720K, capacity 2896K, committed 2944K, reserved 1048576K
Event: 0.740 GC heap after
Heap after GC invocations=2 (full 1):
 PSYoungGen      total 153088K, used 0K [0x0000000715580000, 0x0000000728080000, 0x00000007c0000000)
  eden space 131584K, 0% used [0x0000000715580000,0x0000000715580000,0x000000071d600000)
  from space 21504K, 0% used [0x000000071d600000,0x000000071d600000,0x000000071eb00000)
  to   space 21504K, 0% used [0x0000000726b80000,0x0000000726b80000,0x0000000728080000)
 ParOldGen       total 223744K, used 13214K [0x00000005c0000000, 0x00000005cda80000, 0x0000000715580000)
  object space 223744K, 5% used [0x00000005c0000000,0x00000005c0ce79f0,0x00000005cda80000)
 Metaspace       used 20570K, capacity 21188K, committed 21296K, reserved 1067008K
  class space    used 2720K, capacity 2896K, committed 2944K, reserved 1048576K
}
Event: 1.402 GC heap before
{Heap before GC invocations=3 (full 1):
 PSYoungGen      total 153088K, used 131584K [0x0000000715580000, 0x0000000728080000, 0x00000007c0000000)
  eden space 131584K, 100% used [0x0000000715580000,0x000000071d600000,0x000000071d600000)
  from space 21504K, 0% used [0x000000071d600000,0x000000071d600000,0x000000071eb00000)
  to   space 21504K, 0% used [0x0000000726b80000,0x0000000726b80000,0x0000000728080000)
 ParOldGen       total 223744K, used 13214K [0x00000005c0000000, 0x00000005cda80000, 0x0000000715580000)
  object space 223744K, 5% used [0x00000005c0000000,0x00000005c0ce79f0,0x00000005cda80000)
 Metaspace       used 27447K, capacity 28698K, committed 29056K, reserved 1075200K
  class space    used 3674K, capacity 3925K, committed 3968K, reserved 1048576K
Event: 1.410 GC heap after
Heap after GC invocations=3 (full 1):
 PSYoungGen      total 192512K, used 14721K [0x0000000715580000, 0x0000000727a00000, 0x00000007c0000000)
  eden space 177664K, 0% used [0x0000000715580000,0x0000000715580000,0x0000000720300000)
  from space 14848K, 99% used [0x0000000726b80000,0x00000007279e0610,0x0000000727a00000)
  to   space 21504K, 0% used [0x0000000725000000,0x0000000725000000,0x0000000726500000)
 ParOldGen       total 223744K, used 13286K [0x00000005c0000000, 0x00000005cda80000, 0x0000000715580000)
  object space 223744K, 5% used [0x00000005c0000000,0x00000005c0cf9a00,0x00000005cda80000)
 Metaspace       used 27447K, capacity 28698K, committed 29056K, reserved 1075200K
  class space    used 3674K, capacity 3925K, committed 3968K, reserved 1048576K
}

