# JRE version: Java(TM) SE Runtime Environment (8.0_181-b13) (build 1.8.0_181-b13)
# Java VM: Java HotSpot(TM) 64-Bit Server VM (25.181-b13 mixed mode bsd-amd64 compressed oops)
Heap:
 PSYoungGen      total 187392K, used 164568K [0x0000000715580000, 0x0000000727a00000, 0x00000007c0000000)
  eden space 172544K, 86% used [0x0000000715580000,0x000000071e7f74c0,0x000000071fe00000)
  from space 14848K, 98% used [0x0000000726b80000,0x00000007279bee78,0x0000000727a00000)
  to   space 21504K, 0% used [0x0000000725000000,0x0000000725000000,0x0000000726500000)
 ParOldGen       total 237056K, used 13315K [0x00000005c0000000, 0x00000005ce780000, 0x0000000715580000)
  object space 237056K, 5% used [0x00000005c0000000,0x00000005c0d00cb8,0x00000005ce780000)
 Metaspace       used 33561K, capacity 35130K, committed 35200K, reserved 1079296K
  class space    used 4368K, capacity 4666K, committed 4736K, reserved 1048576K
GC Heap History (6 events):
Event: 0.838 GC heap before
{Heap before GC invocations=1 (full 0):
 PSYoungGen      total 153088K, used 128991K [0x0000000715580000, 0x0000000720000000, 0x00000007c0000000)
  eden space 131584K, 98% used [0x0000000715580000,0x000000071d377d30,0x000000071d600000)
  from space 21504K, 0% used [0x000000071eb00000,0x000000071eb00000,0x0000000720000000)
  to   space 21504K, 0% used [0x000000071d600000,0x000000071d600000,0x000000071eb00000)
 ParOldGen       total 349696K, used 0K [0x00000005c0000000, 0x00000005d5580000, 0x0000000715580000)
  object space 349696K, 0% used [0x00000005c0000000,0x00000005c0000000,0x00000005d5580000)
 Metaspace       used 20579K, capacity 21144K, committed 21296K, reserved 1067008K
  class space    used 2708K, capacity 2862K, committed 2944K, reserved 1048576K
Event: 0.848 GC heap after
Heap after GC invocations=1 (full 0):
 PSYoungGen      total 153088K, used 13972K [0x0000000715580000, 0x0000000728080000, 0x00000007c0000000)
  eden space 131584K, 0% used [0x0000000715580000,0x0000000715580000,0x000000071d600000)
  from space 21504K, 64% used [0x000000071d600000,0x000000071e3a5050,0x000000071eb00000)
  to   space 21504K, 0% used [0x0000000726b80000,0x0000000726b80000,0x0000000728080000)
 ParOldGen       total 349696K, used 80K [0x00000005c0000000, 0x00000005d5580000, 0x0000000715580000)
  object space 349696K, 0% used [0x00000005c0000000,0x00000005c0014010,0x00000005d5580000)
 Metaspace       used 20579K, capacity 21144K, committed 21296K, reserved 1067008K
  class space    used 2708K, capacity 2862K, committed 2944K, reserved 1048576K
}
Event: 0.848 GC heap before
{Heap before GC invocations=2 (full 1):
 PSYoungGen      total 153088K, used 13972K [0x0000000715580000, 0x0000000728080000, 0x00000007c0000000)
  eden space 131584K, 0% used [0x0000000715580000,0x0000000715580000,0x000000071d600000)
  from space 21504K, 64% used [0x000000071d600000,0x000000071e3a5050,0x000000071eb00000)
  to   space 21504K, 0% used [0x0000000726b80000,0x0000000726b80000,0x0000000728080000)
 ParOldGen       total 349696K, used 80K [0x00000005c0000000, 0x00000005d5580000, 0x0000000715580000)
  object space 349696K, 0% used [0x00000005c0000000,0x00000005c0014010,0x00000005d5580000)
 Metaspace       used 20579K, capacity 21144K, committed 21296K, reserved 1067008K
  class space    used 2708K, capacity 2862K, committed 2944K, reserved 1048576K
Event: 0.869 GC heap after
Heap after GC invocations=2 (full 1):
 PSYoungGen      total 153088K, used 0K [0x0000000715580000, 0x0000000728080000, 0x00000007c0000000)
  eden space 131584K, 0% used [0x0000000715580000,0x0000000715580000,0x000000071d600000)
  from space 21504K, 0% used [0x000000071d600000,0x000000071d600000,0x000000071eb00000)
  to   space 21504K, 0% used [0x0000000726b80000,0x0000000726b80000,0x0000000728080000)
 ParOldGen       total 237056K, used 13307K [0x00000005c0000000, 0x00000005ce780000, 0x0000000715580000)
  object space 237056K, 5% used [0x00000005c0000000,0x00000005c0cfecb8,0x00000005ce780000)
 Metaspace       used 20579K, capacity 21144K, committed 21296K, reserved 1067008K
  class space    used 2708K, capacity 2862K, committed 2944K, reserved 1048576K
}
Event: 1.477 GC heap before
{Heap before GC invocations=3 (full 1):
 PSYoungGen      total 153088K, used 131584K [0x0000000715580000, 0x0000000728080000, 0x00000007c0000000)
  eden space 131584K, 100% used [0x0000000715580000,0x000000071d600000,0x000000071d600000)
  from space 21504K, 0% used [0x000000071d600000,0x000000071d600000,0x000000071eb00000)
  to   space 21504K, 0% used [0x0000000726b80000,0x0000000726b80000,0x0000000728080000)
 ParOldGen       total 237056K, used 13307K [0x00000005c0000000, 0x00000005ce780000, 0x0000000715580000)
  object space 237056K, 5% used [0x00000005c0000000,0x00000005c0cfecb8,0x00000005ce780000)
 Metaspace       used 27048K, capacity 28244K, committed 28416K, reserved 1073152K
  class space    used 3602K, capacity 3838K, committed 3840K, reserved 1048576K
Event: 1.484 GC heap after
Heap after GC invocations=3 (full 1):
 PSYoungGen      total 187392K, used 14587K [0x0000000715580000, 0x0000000727a00000, 0x00000007c0000000)
  eden space 172544K, 0% used [0x0000000715580000,0x0000000715580000,0x000000071fe00000)
  from space 14848K, 98% used [0x0000000726b80000,0x00000007279bee78,0x0000000727a00000)
  to   space 21504K, 0% used [0x0000000725000000,0x0000000725000000,0x0000000726500000)
 ParOldGen       total 237056K, used 13315K [0x00000005c0000000, 0x00000005ce780000, 0x0000000715580000)
  object space 237056K, 5% used [0x00000005c0000000,0x00000005c0d00cb8,0x00000005ce780000)
 Metaspace       used 27048K, capacity 28244K, committed 28416K, reserved 1073152K
  class space    used 3602K, capacity 3838K, committed 3840K, reserved 1048576K
}

